Using pre-set license
Built from '2021.3/staging' branch; Version is '2021.3.20f1 (577897200b8b) revision 5732503'; Using compiler version '192829333'; Build Type 'Release'
OS: 'Windows 10  (10.0.19045) 64bit Professional' Language: 'ko' Physical Memory: 32558 MB
BatchMode: 1, IsHumanControllingUs: 0, StartBugReporterOnCrash: 0, Is64bit: 1, IsPro: 1

COMMAND LINE ARGUMENTS:
C:\Program Files\Unity\Hub\Editor\2021.3.20f1\Editor\Unity.exe
-adb2
-batchMode
-noUpm
-name
AssetImportWorker0
-projectPath
C:/Users/102-20/TPS_2023137054
-logFile
Logs/AssetImportWorker0.log
-srvPort
64543
Successfully changed project path to: C:/Users/102-20/TPS_2023137054
C:/Users/102-20/TPS_2023137054
[UnityMemory] Configuration Parameters - Can be set up in boot.config
    "memorysetup-bucket-allocator-granularity=16"
    "memorysetup-bucket-allocator-bucket-count=8"
    "memorysetup-bucket-allocator-block-size=33554432"
    "memorysetup-bucket-allocator-block-count=8"
    "memorysetup-main-allocator-block-size=16777216"
    "memorysetup-thread-allocator-block-size=16777216"
    "memorysetup-gfx-main-allocator-block-size=16777216"
    "memorysetup-gfx-thread-allocator-block-size=16777216"
    "memorysetup-cache-allocator-block-size=4194304"
    "memorysetup-typetree-allocator-block-size=2097152"
    "memorysetup-profiler-bucket-allocator-granularity=16"
    "memorysetup-profiler-bucket-allocator-bucket-count=8"
    "memorysetup-profiler-bucket-allocator-block-size=33554432"
    "memorysetup-profiler-bucket-allocator-block-count=8"
    "memorysetup-profiler-allocator-block-size=16777216"
    "memorysetup-profiler-editor-allocator-block-size=1048576"
    "memorysetup-temp-allocator-size-main=16777216"
    "memorysetup-job-temp-allocator-block-size=2097152"
    "memorysetup-job-temp-allocator-block-size-background=1048576"
    "memorysetup-job-temp-allocator-reduction-small-platforms=262144"
    "memorysetup-temp-allocator-size-background-worker=32768"
    "memorysetup-temp-allocator-size-job-worker=262144"
    "memorysetup-temp-allocator-size-preload-manager=33554432"
    "memorysetup-temp-allocator-size-nav-mesh-worker=65536"
    "memorysetup-temp-allocator-size-audio-worker=65536"
    "memorysetup-temp-allocator-size-cloud-worker=32768"
    "memorysetup-temp-allocator-size-gi-baking-worker=262144"
    "memorysetup-temp-allocator-size-gfx=262144"
Player connection [9700] Host "[IP] 192.168.15.23 [Port] 0 [Flags] 2 [Guid] 3830119619 [EditorId] 3830119619 [Version] 1048832 [Id] WindowsEditor(7,DESKTOP-0CCGH5A) [Debug] 1 [PackageName] WindowsEditor [ProjectName] Editor" joined multi-casting on [225.0.0.222:54997]...

Player connection [9700] Host "[IP] 192.168.15.23 [Port] 0 [Flags] 2 [Guid] 3830119619 [EditorId] 3830119619 [Version] 1048832 [Id] WindowsEditor(7,DESKTOP-0CCGH5A) [Debug] 1 [PackageName] WindowsEditor [ProjectName] Editor" joined alternative multi-casting on [225.0.0.222:34997]...

Refreshing native plugins compatible for Editor in 71.73 ms, found 3 plugins.
Preloading 0 native plugins for Editor in 0.00 ms.
Initialize engine version: 2021.3.20f1 (577897200b8b)
[Subsystems] Discovering subsystems at path C:/Program Files/Unity/Hub/Editor/2021.3.20f1/Editor/Data/Resources/UnitySubsystems
[Subsystems] Discovering subsystems at path C:/Users/102-20/TPS_2023137054/Assets
GfxDevice: creating device client; threaded=0; jobified=0
Direct3D:
    Version:  Direct3D 11.0 [level 11.1]
    Renderer: NVIDIA GeForce RTX 2080 (ID=0x1e82)
    Vendor:   NVIDIA
    VRAM:     8002 MB
    Driver:   31.0.15.2698
Initialize mono
Mono path[0] = 'C:/Program Files/Unity/Hub/Editor/2021.3.20f1/Editor/Data/Managed'
Mono path[1] = 'C:/Program Files/Unity/Hub/Editor/2021.3.20f1/Editor/Data/MonoBleedingEdge/lib/mono/unityjit-win32'
Mono config path = 'C:/Program Files/Unity/Hub/Editor/2021.3.20f1/Editor/Data/MonoBleedingEdge/etc'
Using monoOptions --debugger-agent=transport=dt_socket,embedding=1,server=y,suspend=n,address=127.0.0.1:56200
Begin MonoManager ReloadAssembly
Registering precompiled unity dll's ...
Register platform support module: C:/Program Files/Unity/Hub/Editor/2021.3.20f1/Editor/Data/PlaybackEngines/WindowsStandaloneSupport/UnityEditor.WindowsStandalone.Extensions.dll
Registered in 0.007360 seconds.
Native extension for WindowsStandalone target not found
Refreshing native plugins compatible for Editor in 75.30 ms, found 3 plugins.
Preloading 0 native plugins for Editor in 0.00 ms.
Mono: successfully reloaded assembly
- Completed reload, in  0.597 seconds
Domain Reload Profiling:
	ReloadAssembly (597ms)
		BeginReloadAssembly (86ms)
			ExecutionOrderSort (0ms)
			DisableScriptedObjects (0ms)
			BackupInstance (0ms)
			ReleaseScriptingObjects (0ms)
			CreateAndSetChildDomain (1ms)
		EndReloadAssembly (416ms)
			LoadAssemblies (83ms)
			RebuildTransferFunctionScriptingTraits (0ms)
			SetupTypeCache (100ms)
			ReleaseScriptCaches (0ms)
			RebuildScriptCaches (29ms)
			SetupLoadedEditorAssemblies (240ms)
				LogAssemblyErrors (0ms)
				InitializePlatformSupportModulesInManaged (7ms)
				SetLoadedEditorAssemblies (0ms)
				RefreshPlugins (75ms)
				BeforeProcessingInitializeOnLoad (1ms)
				ProcessInitializeOnLoadAttributes (113ms)
				ProcessInitializeOnLoadMethodAttributes (43ms)
				AfterProcessingInitializeOnLoad (0ms)
				EditorAssembliesLoaded (0ms)
			ExecutionOrderSort2 (0ms)
			AwakeInstancesAfterBackupRestoration (0ms)
Platform modules already initialized, skipping
Registering precompiled user dll's ...
Registered in 0.004569 seconds.
Begin MonoManager ReloadAssembly
Symbol file LoadedFromMemory doesn't match image C:\Users\102-20\TPS_2023137054\Library\PackageCache\com.unity.visualscripting@1.8.0\Editor\VisualScripting.Core\Dependencies\YamlDotNet\Unity.VisualScripting.YamlDotNet.dll
Symbol file LoadedFromMemory doesn't match image C:\Users\102-20\TPS_2023137054\Library\PackageCache\com.unity.visualscripting@1.8.0\Editor\VisualScripting.Core\Dependencies\DotNetZip\Unity.VisualScripting.IonicZip.dll
Native extension for WindowsStandalone target not found
Refreshing native plugins compatible for Editor in 0.45 ms, found 3 plugins.
Preloading 0 native plugins for Editor in 0.00 ms.
Mono: successfully reloaded assembly
- Completed reload, in  0.910 seconds
Domain Reload Profiling:
	ReloadAssembly (911ms)
		BeginReloadAssembly (116ms)
			ExecutionOrderSort (0ms)
			DisableScriptedObjects (5ms)
			BackupInstance (0ms)
			ReleaseScriptingObjects (0ms)
			CreateAndSetChildDomain (16ms)
		EndReloadAssembly (696ms)
			LoadAssemblies (89ms)
			RebuildTransferFunctionScriptingTraits (0ms)
			SetupTypeCache (226ms)
			ReleaseScriptCaches (1ms)
			RebuildScriptCaches (44ms)
			SetupLoadedEditorAssemblies (316ms)
				LogAssemblyErrors (0ms)
				InitializePlatformSupportModulesInManaged (5ms)
				SetLoadedEditorAssemblies (0ms)
				RefreshPlugins (0ms)
				BeforeProcessingInitializeOnLoad (81ms)
				ProcessInitializeOnLoadAttributes (199ms)
				ProcessInitializeOnLoadMethodAttributes (19ms)
				AfterProcessingInitializeOnLoad (10ms)
				EditorAssembliesLoaded (0ms)
			ExecutionOrderSort2 (0ms)
			AwakeInstancesAfterBackupRestoration (7ms)
Platform modules already initialized, skipping
========================================================================
Worker process is ready to serve import requests
Launched and connected shader compiler UnityShaderCompiler.exe after 0.04 seconds
Refreshing native plugins compatible for Editor in 0.51 ms, found 3 plugins.
Preloading 0 native plugins for Editor in 0.00 ms.
Unloading 3047 Unused Serialized files (Serialized files now loaded: 0)
Unloading 24 unused Assets / (113.5 KB). Loaded Objects now: 3511.
Memory consumption went from 108.1 MB to 108.0 MB.
Total: 3.978000 ms (FindLiveObjects: 0.292700 ms CreateObjectMapping: 0.247500 ms MarkObjects: 3.312100 ms  DeleteObjects: 0.124500 ms)

AssetImportParameters requested are different than current active one (requested -> active):
  custom:video-decoder-ogg-theora: a1e56fd34408186e4bbccfd4996cb3dc -> 
  custom:container-muxer-webm: aa71ff27fc2769a1b78a27578f13a17b -> 
  custom:container-demuxer-webm: 4f35f7cbe854078d1ac9338744f61a02 -> 
  custom:video-encoder-webm-vp8: eb34c28f22e8b96e1ab97ce403110664 -> 
  custom:audio-encoder-webm-vorbis: bf7c407c2cedff20999df2af8eb42d56 -> 
  custom:framework-win-MediaFoundation: 216162199b28c13a410421893ffa2e32 -> 
  custom:container-demuxer-ogg: 62fdf1f143b41e24485cea50d1cbac27 -> 
  custom:video-decoder-webm-vp8: 9c59270c3fd7afecdb556c50c9e8de78 -> 
  custom:audio-decoder-ogg-vorbis: bf7c407c2cedff20999df2af8eb42d56 -> 
========================================================================
Received Import Request.
  Time since last request: 3071.144084 seconds.
  path: Assets/04.Images/YughuesFreeMetalMaterials/Demo/Sc_DEMO_YFMM_Preview.unity
  artifactKey: Guid(7a0feaf00236a6a478aa15df6800e5ed) Importer(815301076,1909f56bfc062723c751e8b465ee728b)
Start importing Assets/04.Images/YughuesFreeMetalMaterials/Demo/Sc_DEMO_YFMM_Preview.unity using Guid(7a0feaf00236a6a478aa15df6800e5ed) Importer(815301076,1909f56bfc062723c751e8b465ee728b)  -> (artifact id: '2ffd3c55bd776e987f0686b02b6686f0') in 0.013933 seconds 
========================================================================
Received Import Request.
  Time since last request: 9.856281 seconds.
  path: Assets/05.Models/Barrel/Barrel.prefab
  artifactKey: Guid(96e82463b7d46344295e9a965beb41f9) Importer(815301076,1909f56bfc062723c751e8b465ee728b)
Start importing Assets/05.Models/Barrel/Barrel.prefab using Guid(96e82463b7d46344295e9a965beb41f9) Importer(815301076,1909f56bfc062723c751e8b465ee728b)  -> (artifact id: '70a8406e0d5f0056527fb726dceb3153') in 0.210545 seconds 
========================================================================
Received Import Request.
  Time since last request: 0.309408 seconds.
  path: Assets/05.Models/Barrel/Barrel_D.tga
  artifactKey: Guid(e1f2b37b381e6d14a8a01ddd49a84a58) Importer(815301076,1909f56bfc062723c751e8b465ee728b)
Start importing Assets/05.Models/Barrel/Barrel_D.tga using Guid(e1f2b37b381e6d14a8a01ddd49a84a58) Importer(815301076,1909f56bfc062723c751e8b465ee728b)  -> (artifact id: 'a62fa7cee4df52db50fa948f96e890df') in 0.019402 seconds 
========================================================================
Received Import Request.
  Time since last request: 0.866822 seconds.
  path: Assets/05.Models/Barrel/Barrel_D1.tga
  artifactKey: Guid(0aa4112bfd022aa47919f151ba79ddc1) Importer(815301076,1909f56bfc062723c751e8b465ee728b)
Start importing Assets/05.Models/Barrel/Barrel_D1.tga using Guid(0aa4112bfd022aa47919f151ba79ddc1) Importer(815301076,1909f56bfc062723c751e8b465ee728b)  -> (artifact id: '01008b50cada3bac8b113cdefc9fdb92') in 0.009975 seconds 
========================================================================
Received Import Request.
  Time since last request: 62.373474 seconds.
  path: Assets/04.Images/YughuesFreeMetalMaterials/Materials/Textures/T_10_Diffuse.tga
  artifactKey: Guid(9235f02dfc48e41448cbd353c0a00a8d) Importer(815301076,1909f56bfc062723c751e8b465ee728b)
Start importing Assets/04.Images/YughuesFreeMetalMaterials/Materials/Textures/T_10_Diffuse.tga using Guid(9235f02dfc48e41448cbd353c0a00a8d) Importer(815301076,1909f56bfc062723c751e8b465ee728b)  -> (artifact id: '72402617df7b1e4d29d4b2c8ec78af7a') in 0.015305 seconds 
========================================================================
Received Import Request.
  Time since last request: 145.402643 seconds.
  path: Assets/04.Images/YughuesFreeMetalMaterials/Materials/Textures/T_10_Diffuse.tga
  artifactKey: Guid(9235f02dfc48e41448cbd353c0a00a8d) Importer(815301076,1909f56bfc062723c751e8b465ee728b)
Start importing Assets/04.Images/YughuesFreeMetalMaterials/Materials/Textures/T_10_Diffuse.tga using Guid(9235f02dfc48e41448cbd353c0a00a8d) Importer(815301076,1909f56bfc062723c751e8b465ee728b)  -> (artifact id: '3d16ce0824302b653170599d668103d9') in 0.012317 seconds 
========================================================================
Received Import Request.
  Time since last request: 188.718172 seconds.
  path: Assets/04.Images/Material
  artifactKey: Guid(70fd5edc33f53ef42bd421232f401128) Importer(815301076,1909f56bfc062723c751e8b465ee728b)
Start importing Assets/04.Images/Material using Guid(70fd5edc33f53ef42bd421232f401128) Importer(815301076,1909f56bfc062723c751e8b465ee728b)  -> (artifact id: '8ce046b7b1f1701bf6b3a387838f0d58') in 0.007227 seconds 
========================================================================
Received Import Request.
  Time since last request: 8.529033 seconds.
  path: Assets/04.Images/YughuesFreeMetalMaterials/Materials/Materials
  artifactKey: Guid(2c22adfe376d1a141bfe3ee978998a46) Importer(815301076,1909f56bfc062723c751e8b465ee728b)
Start importing Assets/04.Images/YughuesFreeMetalMaterials/Materials/Materials using Guid(2c22adfe376d1a141bfe3ee978998a46) Importer(815301076,1909f56bfc062723c751e8b465ee728b)  -> (artifact id: '0c0f5e17676ca06a7b41f05e43190b03') in 0.006874 seconds 
========================================================================
Received Import Request.
  Time since last request: 182.404665 seconds.
  path: Assets/04.Images/YughuesFreeMetalMaterials/Materials/Textures/T_10_Normal.tga
  artifactKey: Guid(e0ceb8567a0394b4f85cb11fdac74d36) Importer(815301076,1909f56bfc062723c751e8b465ee728b)
Start importing Assets/04.Images/YughuesFreeMetalMaterials/Materials/Textures/T_10_Normal.tga using Guid(e0ceb8567a0394b4f85cb11fdac74d36) Importer(815301076,1909f56bfc062723c751e8b465ee728b)  -> (artifact id: 'b277a993a6b2b72de67822503edaf474') in 0.022954 seconds 
========================================================================
Received Import Request.
  Time since last request: 2015.000761 seconds.
  path: Assets/03.Prefabs/Cube.prefab
  artifactKey: Guid(cf6c3eedca70554419b46cb55ca4d2c8) Importer(815301076,1909f56bfc062723c751e8b465ee728b)
Start importing Assets/03.Prefabs/Cube.prefab using Guid(cf6c3eedca70554419b46cb55ca4d2c8) Importer(815301076,1909f56bfc062723c751e8b465ee728b)  -> (artifact id: 'cada17af47b3887ce8552d80cbadcb6c') in 0.020979 seconds 
========================================================================
Received Import Request.
  Time since last request: 54.009486 seconds.
  path: Assets/03.Prefabs/Cube.prefab
  artifactKey: Guid(cf6c3eedca70554419b46cb55ca4d2c8) Importer(815301076,1909f56bfc062723c751e8b465ee728b)
Start importing Assets/03.Prefabs/Cube.prefab using Guid(cf6c3eedca70554419b46cb55ca4d2c8) Importer(815301076,1909f56bfc062723c751e8b465ee728b)  -> (artifact id: 'bdcdcf4ce158497ef256dd8854364b13') in 0.008967 seconds 
========================================================================
Received Import Request.
  Time since last request: 2.605036 seconds.
  path: Assets/03.Prefabs/Cube.prefab
  artifactKey: Guid(cf6c3eedca70554419b46cb55ca4d2c8) Importer(815301076,1909f56bfc062723c751e8b465ee728b)
Start importing Assets/03.Prefabs/Cube.prefab using Guid(cf6c3eedca70554419b46cb55ca4d2c8) Importer(815301076,1909f56bfc062723c751e8b465ee728b)  -> (artifact id: '5029c265b7157fe651783c2888b69264') in 0.006063 seconds 
========================================================================
Received Import Request.
  Time since last request: 3.418995 seconds.
  path: Assets/03.Prefabs/Cube.prefab
  artifactKey: Guid(cf6c3eedca70554419b46cb55ca4d2c8) Importer(815301076,1909f56bfc062723c751e8b465ee728b)
Start importing Assets/03.Prefabs/Cube.prefab using Guid(cf6c3eedca70554419b46cb55ca4d2c8) Importer(815301076,1909f56bfc062723c751e8b465ee728b)  -> (artifact id: '4006fa18e66ff9687675953cb8032652') in 0.006601 seconds 
========================================================================
Received Import Request.
  Time since last request: 219.281766 seconds.
  path: Assets/04.Images/SkyBox Volume 2
  artifactKey: Guid(3ca383118e9b9204886a41d53253b779) Importer(815301076,1909f56bfc062723c751e8b465ee728b)
Start importing Assets/04.Images/SkyBox Volume 2 using Guid(3ca383118e9b9204886a41d53253b779) Importer(815301076,1909f56bfc062723c751e8b465ee728b)  -> (artifact id: '33e8da97369b8991e414fe812a837182') in 0.023963 seconds 
========================================================================
Received Import Request.
  Time since last request: 22.605877 seconds.
  path: Assets/04.Images/YughuesFreeMetalMaterials/Materials/Textures/T_08_Diffuse.tga
  artifactKey: Guid(640ee290d9cbc4b4685c85ef0d50ea60) Importer(815301076,1909f56bfc062723c751e8b465ee728b)
Start importing Assets/04.Images/YughuesFreeMetalMaterials/Materials/Textures/T_08_Diffuse.tga using Guid(640ee290d9cbc4b4685c85ef0d50ea60) Importer(815301076,1909f56bfc062723c751e8b465ee728b)  -> (artifact id: '3d9c37dd0ba51b87b667270837d8eee6') in 0.015066 seconds 
========================================================================
Received Import Request.
  Time since last request: 145.647676 seconds.
  path: Assets/04.Images/YughuesFreeMetalMaterials/Materials/Textures/T_08_Normal.tga
  artifactKey: Guid(2ee180c070da9554385c5a088aae062e) Importer(815301076,1909f56bfc062723c751e8b465ee728b)
Start importing Assets/04.Images/YughuesFreeMetalMaterials/Materials/Textures/T_08_Normal.tga using Guid(2ee180c070da9554385c5a088aae062e) Importer(815301076,1909f56bfc062723c751e8b465ee728b)  -> (artifact id: '043cd5a62f37580f796a3e0dc11a67a8') in 0.012816 seconds 
========================================================================
Received Import Request.
  Time since last request: 125.641327 seconds.
  path: Assets/03.Prefabs/Wall.prefab
  artifactKey: Guid(45544c67f6685354796becee5b82aad4) Importer(815301076,1909f56bfc062723c751e8b465ee728b)
Start importing Assets/03.Prefabs/Wall.prefab using Guid(45544c67f6685354796becee5b82aad4) Importer(815301076,1909f56bfc062723c751e8b465ee728b)  -> (artifact id: '9647f58aaa33800222026732d5f22b4d') in 0.075041 seconds 
========================================================================
Received Import Request.
  Time since last request: 494.178739 seconds.
  path: Assets/04.Images/Material/Skybox.mat
  artifactKey: Guid(a48a045b62074f54d86fee1e681d1b3e) Importer(815301076,1909f56bfc062723c751e8b465ee728b)
Start importing Assets/04.Images/Material/Skybox.mat using Guid(a48a045b62074f54d86fee1e681d1b3e) Importer(815301076,1909f56bfc062723c751e8b465ee728b)  -> (artifact id: 'bb28e12f043f8835175b97dff8537be8') in 0.098741 seconds 
========================================================================
Received Import Request.
  Time since last request: 6.925659 seconds.
  path: Assets/04.Images/SkyBox Volume 2/DeepSpaceBlue/backImage.png
  artifactKey: Guid(d733e8221be901b429039b23c12749c6) Importer(815301076,1909f56bfc062723c751e8b465ee728b)
Start importing Assets/04.Images/SkyBox Volume 2/DeepSpaceBlue/backImage.png using Guid(d733e8221be901b429039b23c12749c6) Importer(815301076,1909f56bfc062723c751e8b465ee728b)  -> (artifact id: '7f8473f857d40f64c223ee64ea3c0083') in 0.066929 seconds 
========================================================================
Received Import Request.
  Time since last request: 0.000023 seconds.
  path: Assets/04.Images/SkyBox Volume 2/DeepSpaceBlue/DSB.mat
  artifactKey: Guid(e980bc7fbb00dc34b86b95ac842d1920) Importer(815301076,1909f56bfc062723c751e8b465ee728b)
Start importing Assets/04.Images/SkyBox Volume 2/DeepSpaceBlue/DSB.mat using Guid(e980bc7fbb00dc34b86b95ac842d1920) Importer(815301076,1909f56bfc062723c751e8b465ee728b)  -> (artifact id: 'e44dc569d514c70cfa6fc7df3c2a2c64') in 0.189473 seconds 
========================================================================
Received Import Request.
  Time since last request: 0.758179 seconds.
  path: Assets/04.Images/SkyBox Volume 2/DeepSpaceBlueWithPlanet/backImage.png
  artifactKey: Guid(04550512a36deb34887e513ee0f31545) Importer(815301076,1909f56bfc062723c751e8b465ee728b)
Start importing Assets/04.Images/SkyBox Volume 2/DeepSpaceBlueWithPlanet/backImage.png using Guid(04550512a36deb34887e513ee0f31545) Importer(815301076,1909f56bfc062723c751e8b465ee728b)  -> (artifact id: 'c0b6da0a06d198d0b11510ee971cb090') in 0.020568 seconds 
========================================================================
Received Import Request.
  Time since last request: 0.000013 seconds.
  path: Assets/04.Images/SkyBox Volume 2/DeepSpaceBlueWithPlanet/frontImage.png
  artifactKey: Guid(5695b2a32243d1e40884ad984dd6423d) Importer(815301076,1909f56bfc062723c751e8b465ee728b)
Start importing Assets/04.Images/SkyBox Volume 2/DeepSpaceBlueWithPlanet/frontImage.png using Guid(5695b2a32243d1e40884ad984dd6423d) Importer(815301076,1909f56bfc062723c751e8b465ee728b)  -> (artifact id: 'c237e5b19eb8e3f3fd19373a1de5582e') in 0.022495 seconds 
========================================================================
Received Import Request.
  Time since last request: 0.000016 seconds.
  path: Assets/04.Images/SkyBox Volume 2/DeepSpaceBlueWithPlanet/leftImage.png
  artifactKey: Guid(0373ee03f989db143826ef682bb33f93) Importer(815301076,1909f56bfc062723c751e8b465ee728b)
Start importing Assets/04.Images/SkyBox Volume 2/DeepSpaceBlueWithPlanet/leftImage.png using Guid(0373ee03f989db143826ef682bb33f93) Importer(815301076,1909f56bfc062723c751e8b465ee728b)  -> (artifact id: 'a829edc5d80c3214274eb02cfc0b4e48') in 0.014323 seconds 
========================================================================
Received Import Request.
  Time since last request: 0.000034 seconds.
  path: Assets/04.Images/SkyBox Volume 2/DeepSpaceBlueWithPlanet/upImage.png
  artifactKey: Guid(5c4046e19400c9f44961b6350406ae65) Importer(815301076,1909f56bfc062723c751e8b465ee728b)
Start importing Assets/04.Images/SkyBox Volume 2/DeepSpaceBlueWithPlanet/upImage.png using Guid(5c4046e19400c9f44961b6350406ae65) Importer(815301076,1909f56bfc062723c751e8b465ee728b)  -> (artifact id: 'fbca0d774d0d4cd6cf611a95edc1f20d') in 0.010591 seconds 
========================================================================
Received Import Request.
  Time since last request: 0.000022 seconds.
  path: Assets/04.Images/SkyBox Volume 2/DeepSpaceBlueWithPlanet/rightImage.png
  artifactKey: Guid(ba628713edc8c9246ae86c79210da921) Importer(815301076,1909f56bfc062723c751e8b465ee728b)
Start importing Assets/04.Images/SkyBox Volume 2/DeepSpaceBlueWithPlanet/rightImage.png using Guid(ba628713edc8c9246ae86c79210da921) Importer(815301076,1909f56bfc062723c751e8b465ee728b)  -> (artifact id: 'b65c0ba0013e8ba43228f4479182bbb3') in 0.010932 seconds 
========================================================================
Received Import Request.
  Time since last request: 0.707602 seconds.
  path: Assets/04.Images/SkyBox Volume 2/DeepSpaceGreen/backImage.png
  artifactKey: Guid(968c95c521a144942bcb53ab0dba230e) Importer(815301076,1909f56bfc062723c751e8b465ee728b)
Start importing Assets/04.Images/SkyBox Volume 2/DeepSpaceGreen/backImage.png using Guid(968c95c521a144942bcb53ab0dba230e) Importer(815301076,1909f56bfc062723c751e8b465ee728b)  -> (artifact id: '01376a0b4c45e6d0eafc026a5c1ec3f7') in 0.022015 seconds 
========================================================================
Received Import Request.
  Time since last request: 0.000013 seconds.
  path: Assets/04.Images/SkyBox Volume 2/DeepSpaceGreen/frontImage.png
  artifactKey: Guid(05a43da33c7eccf46bfece6a05db470f) Importer(815301076,1909f56bfc062723c751e8b465ee728b)
Start importing Assets/04.Images/SkyBox Volume 2/DeepSpaceGreen/frontImage.png using Guid(05a43da33c7eccf46bfece6a05db470f) Importer(815301076,1909f56bfc062723c751e8b465ee728b)  -> (artifact id: '2d5032fc59fe99e33b0acd098e45f6a5') in 0.023369 seconds 
========================================================================
Received Import Request.
  Time since last request: 0.000017 seconds.
  path: Assets/04.Images/SkyBox Volume 2/DeepSpaceGreen/DSG.mat
  artifactKey: Guid(a07fadb24ea940240afba3afc1a692cc) Importer(815301076,1909f56bfc062723c751e8b465ee728b)
Start importing Assets/04.Images/SkyBox Volume 2/DeepSpaceGreen/DSG.mat using Guid(a07fadb24ea940240afba3afc1a692cc) Importer(815301076,1909f56bfc062723c751e8b465ee728b)  -> (artifact id: '9a7d74e5bed6bcc7b6ec958f26e37994') in 0.030435 seconds 
========================================================================
Received Import Request.
  Time since last request: 1.216886 seconds.
  path: Assets/04.Images/SkyBox Volume 2/DeepSpaceRed/downImage.png
  artifactKey: Guid(bf0c0b6ba4b05d843b2035b5af2141c8) Importer(815301076,1909f56bfc062723c751e8b465ee728b)
Start importing Assets/04.Images/SkyBox Volume 2/DeepSpaceRed/downImage.png using Guid(bf0c0b6ba4b05d843b2035b5af2141c8) Importer(815301076,1909f56bfc062723c751e8b465ee728b)  -> (artifact id: 'd13f5357bb3fabf833ee19bbfbaa6be4') in 0.031891 seconds 
========================================================================
Received Import Request.
  Time since last request: 0.000015 seconds.
  path: Assets/04.Images/SkyBox Volume 2/DeepSpaceRed/leftImage.png
  artifactKey: Guid(f4ff7b3598c10f443b97a6624d7226e1) Importer(815301076,1909f56bfc062723c751e8b465ee728b)
Start importing Assets/04.Images/SkyBox Volume 2/DeepSpaceRed/leftImage.png using Guid(f4ff7b3598c10f443b97a6624d7226e1) Importer(815301076,1909f56bfc062723c751e8b465ee728b)  -> (artifact id: '22c2fba0b3ad12fa30ff42dbfa6b6063') in 0.014182 seconds 
========================================================================
Received Import Request.
  Time since last request: 0.000023 seconds.
  path: Assets/04.Images/SkyBox Volume 2/DeepSpaceRed/upImage.png
  artifactKey: Guid(640a66a6c0d7e9a43950f36dd7dc9094) Importer(815301076,1909f56bfc062723c751e8b465ee728b)
Start importing Assets/04.Images/SkyBox Volume 2/DeepSpaceRed/upImage.png using Guid(640a66a6c0d7e9a43950f36dd7dc9094) Importer(815301076,1909f56bfc062723c751e8b465ee728b)  -> (artifact id: 'c7c9262a3ddbfe50d37d364d97f2fc8e') in 0.011911 seconds 
========================================================================
Received Import Request.
  Time since last request: 0.527984 seconds.
  path: Assets/04.Images/SkyBox Volume 2/DeepSpaceGreenWithPlanet/downImage.png
  artifactKey: Guid(06d8be9df22e9d443a0aefb29905bd87) Importer(815301076,1909f56bfc062723c751e8b465ee728b)
Start importing Assets/04.Images/SkyBox Volume 2/DeepSpaceGreenWithPlanet/downImage.png using Guid(06d8be9df22e9d443a0aefb29905bd87) Importer(815301076,1909f56bfc062723c751e8b465ee728b)  -> (artifact id: '44f16950855ab6fb4807372eb21bc811') in 0.022558 seconds 
========================================================================
Received Import Request.
  Time since last request: 0.000016 seconds.
  path: Assets/04.Images/SkyBox Volume 2/DeepSpaceGreenWithPlanet/upImage.png
  artifactKey: Guid(82671bcdbbcc6f54c86c3c2c6ed06aa8) Importer(815301076,1909f56bfc062723c751e8b465ee728b)
Start importing Assets/04.Images/SkyBox Volume 2/DeepSpaceGreenWithPlanet/upImage.png using Guid(82671bcdbbcc6f54c86c3c2c6ed06aa8) Importer(815301076,1909f56bfc062723c751e8b465ee728b)  -> (artifact id: '8bfe45d07a2db1af7723ecd2103a9e37') in 0.024636 seconds 
========================================================================
Received Import Request.
  Time since last request: 197.481910 seconds.
  path: Assets/04.Images/YughuesFreeMetalMaterials/Materials/Textures/T_01_Diffuse.tga
  artifactKey: Guid(329307f94867b154e8e49be96de7caad) Importer(815301076,1909f56bfc062723c751e8b465ee728b)
Start importing Assets/04.Images/YughuesFreeMetalMaterials/Materials/Textures/T_01_Diffuse.tga using Guid(329307f94867b154e8e49be96de7caad) Importer(815301076,1909f56bfc062723c751e8b465ee728b)  -> (artifact id: '5dc64dc1fd28ddc7c51e59c527cf28d6') in 0.016153 seconds 
========================================================================
Received Import Request.
  Time since last request: 0.000238 seconds.
  path: Assets/04.Images/YughuesFreeMetalMaterials/Materials/Textures/T_03_Diffuse.tga
  artifactKey: Guid(3f7bdb1db46318a488851d1a48046566) Importer(815301076,1909f56bfc062723c751e8b465ee728b)
Start importing Assets/04.Images/YughuesFreeMetalMaterials/Materials/Textures/T_03_Diffuse.tga using Guid(3f7bdb1db46318a488851d1a48046566) Importer(815301076,1909f56bfc062723c751e8b465ee728b)  -> (artifact id: '6cd741719be03a0aac586b93023c6904') in 0.013879 seconds 
========================================================================
Received Import Request.
  Time since last request: 0.000016 seconds.
  path: Assets/04.Images/YughuesFreeMetalMaterials/Materials/Textures/T_07_Diffuse.tga
  artifactKey: Guid(d0e1b4cdfbad6b348a3f788a993a77d4) Importer(815301076,1909f56bfc062723c751e8b465ee728b)
Start importing Assets/04.Images/YughuesFreeMetalMaterials/Materials/Textures/T_07_Diffuse.tga using Guid(d0e1b4cdfbad6b348a3f788a993a77d4) Importer(815301076,1909f56bfc062723c751e8b465ee728b)  -> (artifact id: 'd2de545c9ade33991b61e400fd640345') in 0.017422 seconds 
========================================================================
Received Import Request.
  Time since last request: 0.000020 seconds.
  path: Assets/04.Images/YughuesFreeMetalMaterials/Materials/Textures/T_07_Specular.tga
  artifactKey: Guid(b07df3cddf993c54a8a17e64f457b549) Importer(815301076,1909f56bfc062723c751e8b465ee728b)
Start importing Assets/04.Images/YughuesFreeMetalMaterials/Materials/Textures/T_07_Specular.tga using Guid(b07df3cddf993c54a8a17e64f457b549) Importer(815301076,1909f56bfc062723c751e8b465ee728b)  -> (artifact id: '05e3b1a1766afb6ffa69a4e01385103f') in 0.013935 seconds 
========================================================================
Received Import Request.
  Time since last request: 0.000014 seconds.
  path: Assets/04.Images/YughuesFreeMetalMaterials/Materials/Textures/T_05_Normal.tga
  artifactKey: Guid(f6e6e6daff08ce04f8e7af85582635bb) Importer(815301076,1909f56bfc062723c751e8b465ee728b)
Start importing Assets/04.Images/YughuesFreeMetalMaterials/Materials/Textures/T_05_Normal.tga using Guid(f6e6e6daff08ce04f8e7af85582635bb) Importer(815301076,1909f56bfc062723c751e8b465ee728b)  -> (artifact id: '529635eda5ef5ae906434e1976904887') in 0.011482 seconds 
========================================================================
Received Import Request.
  Time since last request: 0.000023 seconds.
  path: Assets/04.Images/YughuesFreeMetalMaterials/Materials/Textures/T_06_Normal.tga
  artifactKey: Guid(b7767f0d201ba334dacf548f5238daeb) Importer(815301076,1909f56bfc062723c751e8b465ee728b)
Start importing Assets/04.Images/YughuesFreeMetalMaterials/Materials/Textures/T_06_Normal.tga using Guid(b7767f0d201ba334dacf548f5238daeb) Importer(815301076,1909f56bfc062723c751e8b465ee728b)  -> (artifact id: '2386037df3b40d16cd34052f8702d6db') in 0.013624 seconds 
========================================================================
Received Import Request.
  Time since last request: 0.000014 seconds.
  path: Assets/04.Images/YughuesFreeMetalMaterials/Materials/Textures/T_02_Diffuse.tga
  artifactKey: Guid(b83cd04fd3669764388c0ad4cc89e7e2) Importer(815301076,1909f56bfc062723c751e8b465ee728b)
Start importing Assets/04.Images/YughuesFreeMetalMaterials/Materials/Textures/T_02_Diffuse.tga using Guid(b83cd04fd3669764388c0ad4cc89e7e2) Importer(815301076,1909f56bfc062723c751e8b465ee728b)  -> (artifact id: 'f7111f248e0f2250648dcd52922a7f13') in 0.011053 seconds 
========================================================================
Received Import Request.
  Time since last request: 0.000016 seconds.
  path: Assets/04.Images/YughuesFreeMetalMaterials/Materials/Textures/T_06_Specular.tga
  artifactKey: Guid(be9e7e8e339ba1e4799d2618611d7661) Importer(815301076,1909f56bfc062723c751e8b465ee728b)
Start importing Assets/04.Images/YughuesFreeMetalMaterials/Materials/Textures/T_06_Specular.tga using Guid(be9e7e8e339ba1e4799d2618611d7661) Importer(815301076,1909f56bfc062723c751e8b465ee728b)  -> (artifact id: '7a8bc33c87f4b3d3e2806fe182730462') in 0.011999 seconds 
========================================================================
Received Import Request.
  Time since last request: 0.000018 seconds.
  path: Assets/04.Images/YughuesFreeMetalMaterials/Materials/Textures/T_05_Diffuse.tga
  artifactKey: Guid(51b05ea1455c0f64dbd5387d62de22e1) Importer(815301076,1909f56bfc062723c751e8b465ee728b)
Start importing Assets/04.Images/YughuesFreeMetalMaterials/Materials/Textures/T_05_Diffuse.tga using Guid(51b05ea1455c0f64dbd5387d62de22e1) Importer(815301076,1909f56bfc062723c751e8b465ee728b)  -> (artifact id: '3dc4967b4a8ff98280325c7bc44834ea') in 0.012579 seconds 
========================================================================
Received Import Request.
  Time since last request: 0.000019 seconds.
  path: Assets/04.Images/YughuesFreeMetalMaterials/Materials/Textures/T_03_Normal.tga
  artifactKey: Guid(1f8c6ec62be014641995334990ab7993) Importer(815301076,1909f56bfc062723c751e8b465ee728b)
Start importing Assets/04.Images/YughuesFreeMetalMaterials/Materials/Textures/T_03_Normal.tga using Guid(1f8c6ec62be014641995334990ab7993) Importer(815301076,1909f56bfc062723c751e8b465ee728b)  -> (artifact id: 'f30aa37b6f7edb1b42bfb0bd9cd74314') in 0.012939 seconds 
========================================================================
Received Import Request.
  Time since last request: 0.000020 seconds.
  path: Assets/04.Images/YughuesFreeMetalMaterials/Materials/Textures/T_02_Normal.tga
  artifactKey: Guid(d4590337a78a04448a1e23b2d41cd1c4) Importer(815301076,1909f56bfc062723c751e8b465ee728b)
Start importing Assets/04.Images/YughuesFreeMetalMaterials/Materials/Textures/T_02_Normal.tga using Guid(d4590337a78a04448a1e23b2d41cd1c4) Importer(815301076,1909f56bfc062723c751e8b465ee728b)  -> (artifact id: '4e82213b296843feb2a55646eb961962') in 0.012790 seconds 
========================================================================
Received Import Request.
  Time since last request: 0.774067 seconds.
  path: Assets/04.Images/YughuesFreeMetalMaterials/Materials/Textures/T_08_Specular.tga
  artifactKey: Guid(9e54b7e0308fe894fac37951533a179e) Importer(815301076,1909f56bfc062723c751e8b465ee728b)
Start importing Assets/04.Images/YughuesFreeMetalMaterials/Materials/Textures/T_08_Specular.tga using Guid(9e54b7e0308fe894fac37951533a179e) Importer(815301076,1909f56bfc062723c751e8b465ee728b)  -> (artifact id: 'fc92f04180daa33df2a9d0a40c690c3c') in 0.010684 seconds 
========================================================================
Received Import Request.
  Time since last request: 0.471749 seconds.
  path: Assets/04.Images/YughuesFreeMetalMaterials/Materials/Textures/T_09_Normal.tga
  artifactKey: Guid(c56ea16fda03e4a429ea043548e66a62) Importer(815301076,1909f56bfc062723c751e8b465ee728b)
Start importing Assets/04.Images/YughuesFreeMetalMaterials/Materials/Textures/T_09_Normal.tga using Guid(c56ea16fda03e4a429ea043548e66a62) Importer(815301076,1909f56bfc062723c751e8b465ee728b)  -> (artifact id: 'db08be05b5d542c91a857f87d84cf4e1') in 0.011112 seconds 
========================================================================
Received Import Request.
  Time since last request: 0.040802 seconds.
  path: Assets/04.Images/YughuesFreeMetalMaterials/Materials/Textures/T_10_Glow.tga
  artifactKey: Guid(0145160747ee37d48b70a86ba8103d7a) Importer(815301076,1909f56bfc062723c751e8b465ee728b)
Start importing Assets/04.Images/YughuesFreeMetalMaterials/Materials/Textures/T_10_Glow.tga using Guid(0145160747ee37d48b70a86ba8103d7a) Importer(815301076,1909f56bfc062723c751e8b465ee728b)  -> (artifact id: '3bb65b919ac56ce812daec07c08818e2') in 0.008429 seconds 
========================================================================
Received Import Request.
  Time since last request: 1.604845 seconds.
  path: Assets/04.Images/YughuesFreeMetalMaterials/Materials/Textures/T_11_Diffuse.tga
  artifactKey: Guid(02b2e6db5c6cbc74796f44888a7f1197) Importer(815301076,1909f56bfc062723c751e8b465ee728b)
Start importing Assets/04.Images/YughuesFreeMetalMaterials/Materials/Textures/T_11_Diffuse.tga using Guid(02b2e6db5c6cbc74796f44888a7f1197) Importer(815301076,1909f56bfc062723c751e8b465ee728b)  -> (artifact id: 'db2b9735e115c95e4ac0f2dc2e4db5cd') in 0.010894 seconds 
========================================================================
Received Import Request.
  Time since last request: 0.792794 seconds.
  path: Assets/04.Images/YughuesFreeMetalMaterials/Materials/Textures/T_12_Diffuse.tga
  artifactKey: Guid(5d41fed6b38712241854c1e34c96d3ce) Importer(815301076,1909f56bfc062723c751e8b465ee728b)
Start importing Assets/04.Images/YughuesFreeMetalMaterials/Materials/Textures/T_12_Diffuse.tga using Guid(5d41fed6b38712241854c1e34c96d3ce) Importer(815301076,1909f56bfc062723c751e8b465ee728b)  -> (artifact id: '1a57fe36f9122cf057b3d736efc3640f') in 0.010855 seconds 
========================================================================
Received Import Request.
  Time since last request: 0.001656 seconds.
  path: Assets/04.Images/YughuesFreeMetalMaterials/Materials/Textures/T_12_Normal.tga
  artifactKey: Guid(12dee78e6b4fc644fb75f9d19b8b9ba8) Importer(815301076,1909f56bfc062723c751e8b465ee728b)
Start importing Assets/04.Images/YughuesFreeMetalMaterials/Materials/Textures/T_12_Normal.tga using Guid(12dee78e6b4fc644fb75f9d19b8b9ba8) Importer(815301076,1909f56bfc062723c751e8b465ee728b)  -> (artifact id: 'f3584440a1ad09ad48df11511db29944') in 0.018564 seconds 
========================================================================
Received Import Request.
  Time since last request: 0.019323 seconds.
  path: Assets/04.Images/YughuesFreeMetalMaterials/Materials/Textures/T_13_Diffuse.tga
  artifactKey: Guid(33dc51d475a7a4146b3b5d4c45273177) Importer(815301076,1909f56bfc062723c751e8b465ee728b)
Start importing Assets/04.Images/YughuesFreeMetalMaterials/Materials/Textures/T_13_Diffuse.tga using Guid(33dc51d475a7a4146b3b5d4c45273177) Importer(815301076,1909f56bfc062723c751e8b465ee728b)  -> (artifact id: '86695ec3f8b35bebd825282804d58cde') in 0.011587 seconds 
========================================================================
Received Import Request.
  Time since last request: 376.934509 seconds.
  path: Assets/Fantasy Skybox FREE/Cubemaps/FS002/Images/FS002_Day_Cubemap_back.png
  artifactKey: Guid(ceb380b2cee94b64ca5f68c23e9cc957) Importer(815301076,1909f56bfc062723c751e8b465ee728b)
Start importing Assets/Fantasy Skybox FREE/Cubemaps/FS002/Images/FS002_Day_Cubemap_back.png using Guid(ceb380b2cee94b64ca5f68c23e9cc957) Importer(815301076,1909f56bfc062723c751e8b465ee728b)  -> (artifact id: '43fffb2b6e0ee47f708d217a8a546350') in 0.015091 seconds 
========================================================================
Received Import Request.
  Time since last request: 0.000026 seconds.
  path: Assets/Fantasy Skybox FREE/Cubemaps/FS002/Images/FS002_Day_Cubemap_right.png
  artifactKey: Guid(80c88082f8ee85e43906e07025f0b0ca) Importer(815301076,1909f56bfc062723c751e8b465ee728b)
Start importing Assets/Fantasy Skybox FREE/Cubemaps/FS002/Images/FS002_Day_Cubemap_right.png using Guid(80c88082f8ee85e43906e07025f0b0ca) Importer(815301076,1909f56bfc062723c751e8b465ee728b)  -> (artifact id: '3ad7912268d8f0ce0ee34fb22af2b17b') in 0.017602 seconds 
========================================================================
Received Import Request.
  Time since last request: 0.000023 seconds.
  path: Assets/Fantasy Skybox FREE/Cubemaps/FS002/Images/FS002_Day_Cubemap_up.png
  artifactKey: Guid(f51f90147d7350747957e1c406e8d741) Importer(815301076,1909f56bfc062723c751e8b465ee728b)
Start importing Assets/Fantasy Skybox FREE/Cubemaps/FS002/Images/FS002_Day_Cubemap_up.png using Guid(f51f90147d7350747957e1c406e8d741) Importer(815301076,1909f56bfc062723c751e8b465ee728b)  -> (artifact id: '57178ceda628c56daa093d4da7852cab') in 0.013821 seconds 
========================================================================
Received Import Request.
  Time since last request: 0.807841 seconds.
  path: Assets/Fantasy Skybox FREE/Cubemaps/FS002/Images/FS002_Day_Sunless_Cubemap_back.png
  artifactKey: Guid(6ab28d3b61bdbbe43b8d2d25aeaef4d3) Importer(815301076,1909f56bfc062723c751e8b465ee728b)
Start importing Assets/Fantasy Skybox FREE/Cubemaps/FS002/Images/FS002_Day_Sunless_Cubemap_back.png using Guid(6ab28d3b61bdbbe43b8d2d25aeaef4d3) Importer(815301076,1909f56bfc062723c751e8b465ee728b)  -> (artifact id: '380172432e3e0f930890a6299724d6e3') in 0.011103 seconds 
========================================================================
Received Import Request.
  Time since last request: 0.000016 seconds.
  path: Assets/Fantasy Skybox FREE/Cubemaps/FS002/Images/FS002_Day_Sunless_Cubemap_down.png
  artifactKey: Guid(53400c1bbe9952c4e8874222bea3d17a) Importer(815301076,1909f56bfc062723c751e8b465ee728b)
Start importing Assets/Fantasy Skybox FREE/Cubemaps/FS002/Images/FS002_Day_Sunless_Cubemap_down.png using Guid(53400c1bbe9952c4e8874222bea3d17a) Importer(815301076,1909f56bfc062723c751e8b465ee728b)  -> (artifact id: '689d1f315f55451bd0351a09896e6b38') in 0.011306 seconds 
========================================================================
Received Import Request.
  Time since last request: 0.000033 seconds.
  path: Assets/Fantasy Skybox FREE/Cubemaps/FS002/Images/FS002_Day_Sunless_Cubemap_right.png
  artifactKey: Guid(44fb23d418a29cd4a945ee25157aeb4c) Importer(815301076,1909f56bfc062723c751e8b465ee728b)
Start importing Assets/Fantasy Skybox FREE/Cubemaps/FS002/Images/FS002_Day_Sunless_Cubemap_right.png using Guid(44fb23d418a29cd4a945ee25157aeb4c) Importer(815301076,1909f56bfc062723c751e8b465ee728b)  -> (artifact id: '7ca19c6c8ede82cb63b35d341d8f957e') in 0.012721 seconds 
========================================================================
Received Import Request.
  Time since last request: 1.110804 seconds.
  path: Assets/Fantasy Skybox FREE/Cubemaps/FS002/Images/FS002_Night_Moonless_Cubemap_back.png
  artifactKey: Guid(e8786530aab0b1d4a8c68e1a66f8fbe1) Importer(815301076,1909f56bfc062723c751e8b465ee728b)
Start importing Assets/Fantasy Skybox FREE/Cubemaps/FS002/Images/FS002_Night_Moonless_Cubemap_back.png using Guid(e8786530aab0b1d4a8c68e1a66f8fbe1) Importer(815301076,1909f56bfc062723c751e8b465ee728b)  -> (artifact id: 'b3633868d1c8a08af5d55a7bdbffb1f4') in 0.011947 seconds 
========================================================================
Received Import Request.
  Time since last request: 0.000015 seconds.
  path: Assets/Fantasy Skybox FREE/Cubemaps/FS002/Images/FS002_Night_Moonless_Cubemap_up.png
  artifactKey: Guid(11eaa9f4f73aeb248921dd15ce537f5c) Importer(815301076,1909f56bfc062723c751e8b465ee728b)
Start importing Assets/Fantasy Skybox FREE/Cubemaps/FS002/Images/FS002_Night_Moonless_Cubemap_up.png using Guid(11eaa9f4f73aeb248921dd15ce537f5c) Importer(815301076,1909f56bfc062723c751e8b465ee728b)  -> (artifact id: '73f1a974d1a8b9dec4590ada544d02b3') in 0.012225 seconds 
========================================================================
Received Import Request.
  Time since last request: 0.000033 seconds.
  path: Assets/Fantasy Skybox FREE/Cubemaps/FS002/Images/FS002_Night_Moonless_Cubemap_down.png
  artifactKey: Guid(7882ac1dcab7a194ebe99d7d338c053c) Importer(815301076,1909f56bfc062723c751e8b465ee728b)
Start importing Assets/Fantasy Skybox FREE/Cubemaps/FS002/Images/FS002_Night_Moonless_Cubemap_down.png using Guid(7882ac1dcab7a194ebe99d7d338c053c) Importer(815301076,1909f56bfc062723c751e8b465ee728b)  -> (artifact id: 'f8bde1d4f258b631d7b6f9158a7bd117') in 0.010924 seconds 
========================================================================
Received Import Request.
  Time since last request: 0.765067 seconds.
  path: Assets/Fantasy Skybox FREE/Cubemaps/FS002/Images/FS002_Rainy_Cubemap_back.png
  artifactKey: Guid(d99d23b7d55d3d643b3723f62b0c3b63) Importer(815301076,1909f56bfc062723c751e8b465ee728b)
Start importing Assets/Fantasy Skybox FREE/Cubemaps/FS002/Images/FS002_Rainy_Cubemap_back.png using Guid(d99d23b7d55d3d643b3723f62b0c3b63) Importer(815301076,1909f56bfc062723c751e8b465ee728b)  -> (artifact id: 'd8a0b7d46be040a8babf767ab1a0979f') in 0.011978 seconds 
========================================================================
Received Import Request.
  Time since last request: 0.000016 seconds.
  path: Assets/Fantasy Skybox FREE/Cubemaps/FS002/Images/FS002_Rainy_Cubemap_down.png
  artifactKey: Guid(c0718f3f75575524d86b09eb3052e548) Importer(815301076,1909f56bfc062723c751e8b465ee728b)
Start importing Assets/Fantasy Skybox FREE/Cubemaps/FS002/Images/FS002_Rainy_Cubemap_down.png using Guid(c0718f3f75575524d86b09eb3052e548) Importer(815301076,1909f56bfc062723c751e8b465ee728b)  -> (artifact id: '3a072d5f268e2a37e63db2b8c043f34a') in 0.012789 seconds 
========================================================================
Received Import Request.
  Time since last request: 24.956014 seconds.
  path: Assets/04.Images/Material/Skybox.mat
  artifactKey: Guid(a48a045b62074f54d86fee1e681d1b3e) Importer(815301076,1909f56bfc062723c751e8b465ee728b)
Start importing Assets/04.Images/Material/Skybox.mat using Guid(a48a045b62074f54d86fee1e681d1b3e) Importer(815301076,1909f56bfc062723c751e8b465ee728b)  -> (artifact id: '4e8fc185beca5200e6a8c838f67c324d') in 0.025336 seconds 
========================================================================
Received Import Request.
  Time since last request: 8.604228 seconds.
  path: Assets/Fantasy Skybox FREE/Cubemaps/FS002/Images/FS002_Day_Sunless_Cubemap.cubemap
  artifactKey: Guid(bd29e26ce260cf6469bb6afcba3d8518) Importer(815301076,1909f56bfc062723c751e8b465ee728b)
Start importing Assets/Fantasy Skybox FREE/Cubemaps/FS002/Images/FS002_Day_Sunless_Cubemap.cubemap using Guid(bd29e26ce260cf6469bb6afcba3d8518) Importer(815301076,1909f56bfc062723c751e8b465ee728b)  -> (artifact id: '2b2aef6b0d9ec1b3a39c3ae4282606ed') in 0.318438 seconds 
========================================================================
Received Import Request.
  Time since last request: 3.486294 seconds.
  path: Assets/Fantasy Skybox FREE/Cubemaps/FS002/Images/FS002_Night_Cubemap_left.png
  artifactKey: Guid(5f814ef635d916d42a927ac22171b567) Importer(815301076,1909f56bfc062723c751e8b465ee728b)
Start importing Assets/Fantasy Skybox FREE/Cubemaps/FS002/Images/FS002_Night_Cubemap_left.png using Guid(5f814ef635d916d42a927ac22171b567) Importer(815301076,1909f56bfc062723c751e8b465ee728b)  -> (artifact id: '2169e142baf4043125b964db54de7311') in 0.020767 seconds 
========================================================================
Received Import Request.
  Time since last request: 0.000023 seconds.
  path: Assets/Fantasy Skybox FREE/Cubemaps/FS002/Images/FS002_Night_Moonless_Cubemap.cubemap
  artifactKey: Guid(6af7725426e611242b59b886806f5cb9) Importer(815301076,1909f56bfc062723c751e8b465ee728b)
Start importing Assets/Fantasy Skybox FREE/Cubemaps/FS002/Images/FS002_Night_Moonless_Cubemap.cubemap using Guid(6af7725426e611242b59b886806f5cb9) Importer(815301076,1909f56bfc062723c751e8b465ee728b)  -> (artifact id: '2c8523a2e2c17dae202e7c48ea1cd35e') in 0.244155 seconds 
========================================================================
Received Import Request.
  Time since last request: 6.227243 seconds.
  path: Assets/Fantasy Skybox FREE/Cubemaps/FS002/Images/FS002_Snowy_Cubemap_back.png
  artifactKey: Guid(5875b46e70f9195419867415f77eef23) Importer(815301076,1909f56bfc062723c751e8b465ee728b)
Start importing Assets/Fantasy Skybox FREE/Cubemaps/FS002/Images/FS002_Snowy_Cubemap_back.png using Guid(5875b46e70f9195419867415f77eef23) Importer(815301076,1909f56bfc062723c751e8b465ee728b)  -> (artifact id: '51e2ab9729ff3a3e57fa87b7a3b3a38b') in 0.012187 seconds 
========================================================================
Received Import Request.
  Time since last request: 0.000020 seconds.
  path: Assets/Fantasy Skybox FREE/Cubemaps/FS002/Images/FS002_Snowy_Cubemap_left.png
  artifactKey: Guid(8642b1410a7fe114998fa108e1f7f511) Importer(815301076,1909f56bfc062723c751e8b465ee728b)
Start importing Assets/Fantasy Skybox FREE/Cubemaps/FS002/Images/FS002_Snowy_Cubemap_left.png using Guid(8642b1410a7fe114998fa108e1f7f511) Importer(815301076,1909f56bfc062723c751e8b465ee728b)  -> (artifact id: 'f5e2046a147f43c8e478b4de20158a8a') in 0.011610 seconds 
========================================================================
Received Import Request.
  Time since last request: 0.000016 seconds.
  path: Assets/Fantasy Skybox FREE/Cubemaps/FS002/Images/FS002_Sunrise_Cubemap.cubemap
  artifactKey: Guid(a068c526daeca0c4ea9bdbec9a251bd6) Importer(815301076,1909f56bfc062723c751e8b465ee728b)
Start importing Assets/Fantasy Skybox FREE/Cubemaps/FS002/Images/FS002_Sunrise_Cubemap.cubemap using Guid(a068c526daeca0c4ea9bdbec9a251bd6) Importer(815301076,1909f56bfc062723c751e8b465ee728b)  -> (artifact id: 'e9db37921b296f1ac394eb106da654ae') in 0.246921 seconds 
========================================================================
Received Import Request.
  Time since last request: 7.753384 seconds.
  path: Assets/Fantasy Skybox FREE/Cubemaps/FS002/Images/FS002_Sunrise_Cubemap_right.png
  artifactKey: Guid(39714dc27ce0d9846bc94cc179c793b1) Importer(815301076,1909f56bfc062723c751e8b465ee728b)
Start importing Assets/Fantasy Skybox FREE/Cubemaps/FS002/Images/FS002_Sunrise_Cubemap_right.png using Guid(39714dc27ce0d9846bc94cc179c793b1) Importer(815301076,1909f56bfc062723c751e8b465ee728b)  -> (artifact id: '8906e924cd43652c2e2b3b5b14483f8e') in 0.014766 seconds 
========================================================================
Received Import Request.
  Time since last request: 0.031709 seconds.
  path: Assets/Fantasy Skybox FREE/Cubemaps/FS002/Images/FS002_Sunset_Cubemap_back.png
  artifactKey: Guid(6dc4d65bb368d574d9270d589e1fbcf5) Importer(815301076,1909f56bfc062723c751e8b465ee728b)
Start importing Assets/Fantasy Skybox FREE/Cubemaps/FS002/Images/FS002_Sunset_Cubemap_back.png using Guid(6dc4d65bb368d574d9270d589e1fbcf5) Importer(815301076,1909f56bfc062723c751e8b465ee728b)  -> (artifact id: '5886472bfeaf8f5786b0de9daec49ecf') in 0.011436 seconds 
========================================================================
Received Import Request.
  Time since last request: 0.501031 seconds.
  path: Assets/Fantasy Skybox FREE/Cubemaps/FS002/Images/FS002_Sunset_Cubemap_left.png
  artifactKey: Guid(5d277067822490e4fa51534ec7091853) Importer(815301076,1909f56bfc062723c751e8b465ee728b)
Start importing Assets/Fantasy Skybox FREE/Cubemaps/FS002/Images/FS002_Sunset_Cubemap_left.png using Guid(5d277067822490e4fa51534ec7091853) Importer(815301076,1909f56bfc062723c751e8b465ee728b)  -> (artifact id: '21eeff283b0b788c0732e92c13818379') in 0.011888 seconds 
Editor requested this worker to shutdown with reason: Scaling down because of idle timeout
AssetImportWorker is now disconnected from the server
Process exiting
Exiting without the bug reporter. Application will terminate with return code 0